2020-12-18 20:00:32.914  INFO 22208 --- [restartedMain] com.dyilin.MyblogApplication             : Starting MyblogApplication using Java 1.8.0_102 on LAPTOP-MP4D360L with PID 22208 (D:\workspace\codeAll\javaEE\myBlog\myblog\target\classes started by qianmo in D:\workspace\codeAll\javaEE\myBlog\myblog)
2020-12-18 20:00:32.920 DEBUG 22208 --- [restartedMain] com.dyilin.MyblogApplication             : Running with Spring Boot v2.4.0, Spring v5.3.1
2020-12-18 20:00:32.921  INFO 22208 --- [restartedMain] com.dyilin.MyblogApplication             : No active profile set, falling back to default profiles: default
2020-12-18 20:00:32.987  INFO 22208 --- [restartedMain] .e.DevToolsPropertyDefaultsPostProcessor : Devtools property defaults active! Set 'spring.devtools.add-properties' to 'false' to disable
2020-12-18 20:00:32.988  INFO 22208 --- [restartedMain] .e.DevToolsPropertyDefaultsPostProcessor : For additional web related logging consider setting the 'logging.level.web' property to 'DEBUG'
2020-12-18 20:00:33.643  INFO 22208 --- [restartedMain] .s.d.r.c.RepositoryConfigurationDelegate : Bootstrapping Spring Data JPA repositories in DEFERRED mode.
2020-12-18 20:00:33.715  INFO 22208 --- [restartedMain] .s.d.r.c.RepositoryConfigurationDelegate : Finished Spring Data repository scanning in 65 ms. Found 7 JPA repository interfaces.
2020-12-18 20:00:34.452  INFO 22208 --- [restartedMain] o.s.b.w.embedded.tomcat.TomcatWebServer  : Tomcat initialized with port(s): 8080 (http)
2020-12-18 20:00:34.460  INFO 22208 --- [restartedMain] o.apache.catalina.core.StandardService   : Starting service [Tomcat]
2020-12-18 20:00:34.460  INFO 22208 --- [restartedMain] org.apache.catalina.core.StandardEngine  : Starting Servlet engine: [Apache Tomcat/9.0.39]
2020-12-18 20:00:34.566  INFO 22208 --- [restartedMain] o.a.c.c.C.[Tomcat].[localhost].[/]       : Initializing Spring embedded WebApplicationContext
2020-12-18 20:00:34.567  INFO 22208 --- [restartedMain] w.s.c.ServletWebServerApplicationContext : Root WebApplicationContext: initialization completed in 1578 ms
2020-12-18 20:00:34.672  INFO 22208 --- [restartedMain] o.s.s.concurrent.ThreadPoolTaskExecutor  : Initializing ExecutorService 'applicationTaskExecutor'
2020-12-18 20:00:34.716  INFO 22208 --- [task-1] o.hibernate.jpa.internal.util.LogHelper  : HHH000204: Processing PersistenceUnitInfo [name: default]
2020-12-18 20:00:34.767  INFO 22208 --- [task-1] org.hibernate.Version                    : HHH000412: Hibernate ORM core version 5.4.23.Final
2020-12-18 20:00:34.870  WARN 22208 --- [restartedMain] JpaBaseConfiguration$JpaWebConfiguration : spring.jpa.open-in-view is enabled by default. Therefore, database queries may be performed during view rendering. Explicitly configure spring.jpa.open-in-view to disable this warning
2020-12-18 20:00:34.901  INFO 22208 --- [task-1] o.hibernate.annotations.common.Version   : HCANN000001: Hibernate Commons Annotations {5.1.2.Final}
2020-12-18 20:00:35.007  INFO 22208 --- [task-1] com.zaxxer.hikari.HikariDataSource       : HikariPool-1 - Starting...
2020-12-18 20:00:35.211  INFO 22208 --- [restartedMain] o.s.b.a.w.s.WelcomePageHandlerMapping    : Adding welcome page template: index
2020-12-18 20:00:35.274  INFO 22208 --- [task-1] com.zaxxer.hikari.HikariDataSource       : HikariPool-1 - Start completed.
2020-12-18 20:00:35.291  INFO 22208 --- [task-1] org.hibernate.dialect.Dialect            : HHH000400: Using dialect: org.hibernate.dialect.MySQL8Dialect
2020-12-18 20:00:35.678  INFO 22208 --- [restartedMain] o.s.b.d.a.OptionalLiveReloadServer       : LiveReload server is running on port 35729
2020-12-18 20:00:35.728  INFO 22208 --- [restartedMain] o.s.b.w.embedded.tomcat.TomcatWebServer  : Tomcat started on port(s): 8080 (http) with context path ''
2020-12-18 20:00:35.730  INFO 22208 --- [restartedMain] DeferredRepositoryInitializationListener : Triggering deferred initialization of Spring Data repositories…
2020-12-18 20:00:36.318  INFO 22208 --- [task-1] o.h.e.t.j.p.i.JtaPlatformInitiator       : HHH000490: Using JtaPlatform implementation: [org.hibernate.engine.transaction.jta.platform.internal.NoJtaPlatform]
2020-12-18 20:00:36.326  INFO 22208 --- [task-1] j.LocalContainerEntityManagerFactoryBean : Initialized JPA EntityManagerFactory for persistence unit 'default'
2020-12-18 20:00:37.179  INFO 22208 --- [restartedMain] DeferredRepositoryInitializationListener : Spring Data repositories initialized!
2020-12-18 20:00:37.195  INFO 22208 --- [restartedMain] com.dyilin.MyblogApplication             : Started MyblogApplication in 5.224 seconds (JVM running for 6.421)
2020-12-18 20:00:55.006  INFO 22208 --- [http-nio-8080-exec-1] o.a.c.c.C.[Tomcat].[localhost].[/]       : Initializing Spring DispatcherServlet 'dispatcherServlet'
2020-12-18 20:00:55.007  INFO 22208 --- [http-nio-8080-exec-1] o.s.web.servlet.DispatcherServlet        : Initializing Servlet 'dispatcherServlet'
2020-12-18 20:00:55.007  INFO 22208 --- [http-nio-8080-exec-1] o.s.web.servlet.DispatcherServlet        : Completed initialization in 0 ms
2020-12-18 20:00:55.034  INFO 22208 --- [http-nio-8080-exec-1] com.dyilin.aspect.LogAspect              : Request : {url='http://localhost:8080/', ip='0:0:0:0:0:0:0:1', classMethod='com.dyilin.controller.IndexController.one', args=[]}
2020-12-18 20:00:55.040  INFO 22208 --- [http-nio-8080-exec-1] com.dyilin.aspect.LogAspect              : Result : one
2020-12-18 20:20:47.318  INFO 22208 --- [http-nio-8080-exec-10] com.dyilin.aspect.LogAspect              : Request : {url='http://localhost:8080/index', ip='0:0:0:0:0:0:0:1', classMethod='com.dyilin.controller.IndexController.index', args=[Page request [number: 0, size 4, sort: updateTime: DESC], {}]}
2020-12-18 20:20:47.543  WARN 22208 --- [http-nio-8080-exec-10] org.hibernate.orm.deprecation            : HHH90000016: Found use of deprecated 'collection property' syntax in HQL/JPQL query [t.blogs.size]; use collection function syntax instead [size(t.blogs)].
2020-12-18 20:20:47.565  WARN 22208 --- [http-nio-8080-exec-10] org.hibernate.orm.deprecation            : HHH90000016: Found use of deprecated 'collection property' syntax in HQL/JPQL query [t.blogs.size]; use collection function syntax instead [size(t.blogs)].
2020-12-18 20:20:47.577  INFO 22208 --- [http-nio-8080-exec-10] com.dyilin.aspect.LogAspect              : Result : index
2020-12-18 20:21:38.498  INFO 22208 --- [http-nio-8080-exec-10] com.dyilin.aspect.LogAspect              : Request : {url='http://localhost:8080/types/-1', ip='0:0:0:0:0:0:0:1', classMethod='com.dyilin.controller.TypeShowController.types', args=[Page request [number: 0, size 4, sort: updateTime: DESC], -1, {}]}
2020-12-18 20:21:38.524  INFO 22208 --- [http-nio-8080-exec-10] com.dyilin.aspect.LogAspect              : Result : types
2020-12-18 20:22:06.713  INFO 22208 --- [http-nio-8080-exec-6] com.dyilin.aspect.LogAspect              : Request : {url='http://localhost:8080/tags/-1', ip='0:0:0:0:0:0:0:1', classMethod='com.dyilin.controller.TagShowController.tags', args=[Page request [number: 0, size 4, sort: updateTime: DESC], -1, {}]}
2020-12-18 20:22:06.769  INFO 22208 --- [http-nio-8080-exec-6] com.dyilin.aspect.LogAspect              : Result : tags
2020-12-18 20:22:47.863  INFO 22208 --- [http-nio-8080-exec-3] com.dyilin.aspect.LogAspect              : Request : {url='http://localhost:8080/message', ip='0:0:0:0:0:0:0:1', classMethod='com.dyilin.controller.MessageController.message', args=[]}
2020-12-18 20:22:47.867  INFO 22208 --- [http-nio-8080-exec-3] com.dyilin.aspect.LogAspect              : Result : message
2020-12-18 20:22:47.961  INFO 22208 --- [http-nio-8080-exec-6] com.dyilin.aspect.LogAspect              : Request : {url='http://localhost:8080/messagecomment', ip='0:0:0:0:0:0:0:1', classMethod='com.dyilin.controller.MessageController.messageComment', args=[{}]}
2020-12-18 20:22:48.040  INFO 22208 --- [http-nio-8080-exec-6] com.dyilin.aspect.LogAspect              : Result : message::messageList
